<?xml version="1.0" encoding="UTF-8"?>
<testsuites name="Player page test suite" time="49" tests="3" failures="0" errors="0">
   <testsuite name="Player page test suite" tests="3" failures="0" errors="0" time="49" timestamp="2017-12-19 22:26:35" hostname="Gennadii - DESKTOP-FVLAG75" id="Test Suites/Player page test suite">
      <properties>
         <property name="deviceName" value=""/>
         <property name="devicePlatform" value=""/>
         <property name="logFolder" value="D:\\work\\New folder\\777TestSemple\\Reports\\Player page test suite\\20171219_222628"/>
         <property name="logFiles" value="D:\\work\\New folder\\777TestSemple\\Reports\\Player page test suite\\20171219_222628\\execution0.log"/>
         <property name="attachments" value=""/>
         <property name="hostName" value="Gennadii - DESKTOP-FVLAG75"/>
         <property name="os" value="Windows 10 64bit"/>
         <property name="katalonVersion" value="5.2.0.1"/>
         <property name="browser" value="Firefox 57.0"/>
         <property name="hostAddress" value="192.168.56.1"/>
         <property name="sessionId" value="97bc7e4f-5919-4013-9e62-4e0c956e3291"/>
         <property name="seleniumVersion" value="3.7.1"/>
         <property name="proxyInformation" value="ProxyInformation{proxyOption=NO_PROXY, proxyServerType=HTTP, password=, proxyServerAddress=, proxyServerPort=0}"/>
         <property name="platform" value="Windows 10"/>
      </properties>
      <testcase name="Test Cases/Check player carreer table present" classname="Test Cases/Check player carreer table present" status="PASSED">
         <system-out><![CDATA[2017-12-19 22:26:38 - [TEST_CASE][PASSED] - Test Cases/Check player carreer table present: Test Cases/Check player carreer table present

2017-12-19 22:26:38 - [TEST_STEP][PASSED] - Start listener action : sampleBeforeTestCase: Invoke 'com.kms.katalon.core.annotation.BeforeTestCase' method: 'NewTestListener.sampleBeforeTestCase(...)' completed.

2017-12-19 22:26:38 - [TEST_STEP][PASSED] - Statement - println(testCaseContext.getTestCaseId()): null

2017-12-19 22:26:38 - [TEST_STEP][PASSED] - Statement - println(testCaseContext.getTestCaseVariables()): Invoke 'com.kms.katalon.core.annotation.BeforeTestCase' method: 'NewTestListener.sampleBeforeTestCase(...)' completed.

2017-12-19 22:26:38 - [TEST_STEP][PASSED] - openBrowser: Browser is opened with url: 'https://777score.com/football/players/petr-cech-15035'

2017-12-19 22:26:54 - [MESSAGE][PASSED] - Browser is opened with url: 'https://777score.com/football/players/petr-cech-15035'

2017-12-19 22:26:54 - [TEST_STEP][PASSED] - verifyElementAttributeValue: Object 'Object Repository/Player_page/Page_Petr_Cech Arsenal statistics/li_career' has attribute 'innerText' with value 'CAREER'

2017-12-19 22:26:54 - [MESSAGE][WARNING] - Timeout '0' is invalid. Using default page load timeout: '30'

2017-12-19 22:26:56 - [MESSAGE][PASSED] - Object 'Object Repository/Player_page/Page_Petr_Cech Arsenal statistics/li_career' has attribute 'innerText' with value 'CAREER'

2017-12-19 22:26:56 - [TEST_STEP][PASSED] - closeBrowser: Browser is closed

2017-12-19 22:26:57 - [MESSAGE][PASSED] - Browser is closed]]></system-out>
         <system-err><![CDATA[]]></system-err>
      </testcase>
      <testcase name="Test Cases/Check player name test" classname="Test Cases/Check player name test" status="PASSED">
         <system-out><![CDATA[2017-12-19 22:26:57 - [TEST_CASE][PASSED] - Test Cases/Check player name test: Test Cases/Check player name test

2017-12-19 22:26:57 - [TEST_STEP][PASSED] - Start listener action : sampleBeforeTestCase: Invoke 'com.kms.katalon.core.annotation.BeforeTestCase' method: 'NewTestListener.sampleBeforeTestCase(...)' completed.

2017-12-19 22:26:57 - [TEST_STEP][PASSED] - Statement - println(testCaseContext.getTestCaseId()): null

2017-12-19 22:26:57 - [TEST_STEP][PASSED] - Statement - println(testCaseContext.getTestCaseVariables()): Invoke 'com.kms.katalon.core.annotation.BeforeTestCase' method: 'NewTestListener.sampleBeforeTestCase(...)' completed.

2017-12-19 22:26:57 - [TEST_STEP][PASSED] - openBrowser: Browser is opened with url: 'https://777score.com/football/players/petr-cech-15035'

2017-12-19 22:27:12 - [MESSAGE][PASSED] - Browser is opened with url: 'https://777score.com/football/players/petr-cech-15035'

2017-12-19 22:27:12 - [TEST_STEP][PASSED] - getText: Text of object 'Object Repository/Player_page/Page_Petr_Cech Arsenal statistics/h1_Petr Cech' is: 'PETR CECH'

2017-12-19 22:27:12 - [MESSAGE][PASSED] - Text of object 'Object Repository/Player_page/Page_Petr_Cech Arsenal statistics/h1_Petr Cech' is: 'PETR CECH'

2017-12-19 22:27:12 - [TEST_STEP][PASSED] - verifyElementAttributeValue: Object 'Object Repository/Player_page/Page_Petr_Cech Arsenal statistics/h1_Petr Cech' has attribute 'innerText' with value 'PETR CECH'

2017-12-19 22:27:12 - [MESSAGE][WARNING] - Timeout '0' is invalid. Using default page load timeout: '30'

2017-12-19 22:27:12 - [MESSAGE][PASSED] - Object 'Object Repository/Player_page/Page_Petr_Cech Arsenal statistics/h1_Petr Cech' has attribute 'innerText' with value 'PETR CECH'

2017-12-19 22:27:12 - [TEST_STEP][PASSED] - closeBrowser: Browser is closed

2017-12-19 22:27:13 - [MESSAGE][PASSED] - Browser is closed]]></system-out>
         <system-err><![CDATA[]]></system-err>
      </testcase>
      <testcase name="Test Cases/Check player photo test" classname="Test Cases/Check player photo test" status="PASSED">
         <system-out><![CDATA[2017-12-19 22:27:13 - [TEST_CASE][PASSED] - Test Cases/Check player photo test: Test Cases/Check player photo test

2017-12-19 22:27:13 - [TEST_STEP][PASSED] - Start listener action : sampleBeforeTestCase: Invoke 'com.kms.katalon.core.annotation.BeforeTestCase' method: 'NewTestListener.sampleBeforeTestCase(...)' completed.

2017-12-19 22:27:13 - [TEST_STEP][PASSED] - Statement - println(testCaseContext.getTestCaseId()): null

2017-12-19 22:27:13 - [TEST_STEP][PASSED] - Statement - println(testCaseContext.getTestCaseVariables()): Invoke 'com.kms.katalon.core.annotation.BeforeTestCase' method: 'NewTestListener.sampleBeforeTestCase(...)' completed.

2017-12-19 22:27:13 - [TEST_STEP][PASSED] - openBrowser: Browser is opened with url: 'https://777score.com/football/players/petr-cech-15035'

2017-12-19 22:27:23 - [MESSAGE][PASSED] - Browser is opened with url: 'https://777score.com/football/players/petr-cech-15035'

2017-12-19 22:27:23 - [TEST_STEP][PASSED] - verifyElementAttributeValue: Object 'Object Repository/Player_page/Page_Petr_Cech Arsenal statistics/img_photo' has attribute 'localName' with value 'img'

2017-12-19 22:27:23 - [MESSAGE][WARNING] - Timeout '0' is invalid. Using default page load timeout: '30'

2017-12-19 22:27:24 - [MESSAGE][PASSED] - Object 'Object Repository/Player_page/Page_Petr_Cech Arsenal statistics/img_photo' has attribute 'localName' with value 'img'

2017-12-19 22:27:24 - [TEST_STEP][PASSED] - closeBrowser: Browser is closed

2017-12-19 22:27:24 - [MESSAGE][PASSED] - Browser is closed]]></system-out>
         <system-err><![CDATA[]]></system-err>
      </testcase>
      <system-out><![CDATA[2017-12-19 22:26:35 - [TEST_SUITE][PASSED] - Player page test suite: Test Cases/Check player photo test]]></system-out>
      <system-err><![CDATA[]]></system-err>
   </testsuite>
</testsuites>
